This is pdfTeX, Version 3.14159265-2.6-1.40.19 (MiKTeX 2.9.6840 64-bit) (preloaded format=pdflatex 2018.10.9)  9 JAN 2021 21:30
entering extended mode
**./Beiziffer_Groß_Report1.tex
(Beiziffer_Groß_Report1.tex
LaTeX2e <2018-04-01> patch level 5

("C:\Users\johan\AppData\Local\Programs\MiKTeX 2.9\tex\latex\koma-script\scrrep
rt.cls"
Document Class: scrreprt 2018/03/30 v3.25 KOMA-Script document class (report)

("C:\Users\johan\AppData\Local\Programs\MiKTeX 2.9\tex\latex\koma-script\scrkba
se.sty"
Package: scrkbase 2018/03/30 v3.25 KOMA-Script package (KOMA-Script-dependent b
asics and keyval usage)

("C:\Users\johan\AppData\Local\Programs\MiKTeX 2.9\tex\latex\koma-script\scrbas
e.sty"
Package: scrbase 2018/03/30 v3.25 KOMA-Script package (KOMA-Script-independent 
basics and keyval usage)

("C:\Users\johan\AppData\Local\Programs\MiKTeX 2.9\tex\latex\graphics\keyval.st
y"
Package: keyval 2014/10/28 v1.15 key=value parser (DPC)
\KV@toks@=\toks14
)
("C:\Users\johan\AppData\Local\Programs\MiKTeX 2.9\tex\latex\koma-script\scrlfi
le.sty"
Package: scrlfile 2018/03/30 v3.25 KOMA-Script package (loading files)
)))
("C:\Users\johan\AppData\Local\Programs\MiKTeX 2.9\tex\latex\koma-script\tocbas
ic.sty"
Package: tocbasic 2018/03/30 v3.25 KOMA-Script package (handling toc-files)
\scr@dte@tocline@numberwidth=\skip41
\scr@dte@tocline@numbox=\box26
)
Package tocbasic Info: omitting babel extension for `toc'
(tocbasic)             because of feature `nobabel' available
(tocbasic)             for `toc' on input line 136.
Package tocbasic Info: defining new hook before heading of `' on input line 166
7.
Class scrreprt Info: File `scrsize12pt.clo' used to setup font sizes on input l
ine 2328.

("C:\Users\johan\AppData\Local\Programs\MiKTeX 2.9\tex\latex\koma-script\scrsiz
e12pt.clo"
File: scrsize12pt.clo 2018/03/30 v3.25 KOMA-Script font size class option (12pt
)
)
("C:\Users\johan\AppData\Local\Programs\MiKTeX 2.9\tex\latex\koma-script\typear
ea.sty"
Package: typearea 2018/03/30 v3.25 KOMA-Script package (type area)
\ta@bcor=\skip42
\ta@div=\count80
\ta@hblk=\skip43
\ta@vblk=\skip44
\ta@temp=\skip45
\footheight=\skip46
Package typearea Info: These are the values describing the layout:
(typearea)             DIV  = 12
(typearea)             BCOR = 0.0pt
(typearea)             \paperwidth      = 597.50793pt
(typearea)              \textwidth      = 448.13095pt
(typearea)              DIV departure   = -6%
(typearea)              \evensidemargin = 2.4185pt
(typearea)              \oddsidemargin  = 2.4185pt
(typearea)             \paperheight     = 845.04694pt
(typearea)              \textheight     = 635.5pt
(typearea)              \topmargin      = -41.72441pt
(typearea)              \headheight     = 18.125pt
(typearea)              \headsep        = 21.75pt
(typearea)              \topskip        = 12.0pt
(typearea)              \footskip       = 50.75pt
(typearea)              \baselineskip   = 14.5pt
(typearea)              on input line 1706.
)
\c@part=\count81
\c@chapter=\count82
\c@section=\count83
\c@subsection=\count84
\c@subsubsection=\count85
\c@paragraph=\count86
\c@subparagraph=\count87
\scr@dte@part@maxnumwidth=\skip47
\scr@dte@chapter@maxnumwidth=\skip48
\scr@dte@section@maxnumwidth=\skip49
\scr@dte@subsection@maxnumwidth=\skip50
\scr@dte@subsubsection@maxnumwidth=\skip51
\scr@dte@paragraph@maxnumwidth=\skip52
\scr@dte@subparagraph@maxnumwidth=\skip53
\abovecaptionskip=\skip54
\belowcaptionskip=\skip55
\c@pti@nb@sid@b@x=\box27
\scr@dte@figure@maxnumwidth=\skip56
Package tocbasic Info: omitting babel extension for `lof'
(tocbasic)             because of feature `nobabel' available
(tocbasic)             for `lof' on input line 6247.
\c@figure=\count88
\scr@dte@table@maxnumwidth=\skip57
Package tocbasic Info: omitting babel extension for `lot'
(tocbasic)             because of feature `nobabel' available
(tocbasic)             for `lot' on input line 6264.
\c@table=\count89
Class scrreprt Info: Redefining `\numberline' on input line 6433.
\bibindent=\dimen102
)
("C:\Users\johan\AppData\Local\Programs\MiKTeX 2.9\tex\latex\base\inputenc.sty"
Package: inputenc 2018/04/06 v1.3b Input encoding file
\inpenc@prehook=\toks15
\inpenc@posthook=\toks16
) ("C:\Users\johan\AppData\Local\Programs\MiKTeX 2.9\tex\generic\babel\babel.st
y"
Package: babel 2018/10/03 3.25 The Babel package

("C:\Users\johan\AppData\Local\Programs\MiKTeX 2.9\tex\generic\babel\switch.def
"
File: switch.def 2018/10/03 3.25 Babel switching mechanism
)
*************************************
* Local config file bblopts.cfg used
*
("C:\Users\johan\AppData\Local\Programs\MiKTeX 2.9\tex\latex\arabi\bblopts.cfg"
File: bblopts.cfg 2005/09/08 v0.1 add Arabic and Farsi to "declared" options of
 babel
)
("C:\Users\johan\AppData\Local\Programs\MiKTeX 2.9\tex\latex\babel-german\ngerm
an.ldf"
Language: ngerman 2018/03/29 v2.10 German support for babel (post-1996 orthogra
phy)

("C:\Users\johan\AppData\Local\Programs\MiKTeX 2.9\tex\latex\babel-german\ngerm
anb.ldf"
Language: ngermanb 2018/03/29 v2.10 German support for babel (post-1996 orthogr
aphy)

("C:\Users\johan\AppData\Local\Programs\MiKTeX 2.9\tex\generic\babel\babel.def"
File: babel.def 2018/10/03 3.25 Babel common definitions
\babel@savecnt=\count90
\U@D=\dimen103

("C:\Users\johan\AppData\Local\Programs\MiKTeX 2.9\tex\generic\babel\txtbabel.d
ef")
\bbl@dirlevel=\count91
)
Package babel Info: Making " an active character on input line 121.
)))
("C:\Users\johan\AppData\Local\Programs\MiKTeX 2.9\tex\latex\base\fontenc.sty"
Package: fontenc 2017/04/05 v2.0i Standard LaTeX package

("C:\Users\johan\AppData\Local\Programs\MiKTeX 2.9\tex\latex\base\t1enc.def"
File: t1enc.def 2017/04/05 v2.0i Standard LaTeX file
LaTeX Font Info:    Redeclaring font encoding T1 on input line 48.
))
("C:\Users\johan\AppData\Local\Programs\MiKTeX 2.9\tex\latex\lm\lmodern.sty"
Package: lmodern 2009/10/30 v1.6 Latin Modern Fonts
LaTeX Font Info:    Overwriting symbol font `operators' in version `normal'
(Font)                  OT1/cmr/m/n --> OT1/lmr/m/n on input line 22.
LaTeX Font Info:    Overwriting symbol font `letters' in version `normal'
(Font)                  OML/cmm/m/it --> OML/lmm/m/it on input line 23.
LaTeX Font Info:    Overwriting symbol font `symbols' in version `normal'
(Font)                  OMS/cmsy/m/n --> OMS/lmsy/m/n on input line 24.
LaTeX Font Info:    Overwriting symbol font `largesymbols' in version `normal'
(Font)                  OMX/cmex/m/n --> OMX/lmex/m/n on input line 25.
LaTeX Font Info:    Overwriting symbol font `operators' in version `bold'
(Font)                  OT1/cmr/bx/n --> OT1/lmr/bx/n on input line 26.
LaTeX Font Info:    Overwriting symbol font `letters' in version `bold'
(Font)                  OML/cmm/b/it --> OML/lmm/b/it on input line 27.
LaTeX Font Info:    Overwriting symbol font `symbols' in version `bold'
(Font)                  OMS/cmsy/b/n --> OMS/lmsy/b/n on input line 28.
LaTeX Font Info:    Overwriting symbol font `largesymbols' in version `bold'
(Font)                  OMX/cmex/m/n --> OMX/lmex/m/n on input line 29.
LaTeX Font Info:    Overwriting math alphabet `\mathbf' in version `normal'
(Font)                  OT1/cmr/bx/n --> OT1/lmr/bx/n on input line 31.
LaTeX Font Info:    Overwriting math alphabet `\mathsf' in version `normal'
(Font)                  OT1/cmss/m/n --> OT1/lmss/m/n on input line 32.
LaTeX Font Info:    Overwriting math alphabet `\mathit' in version `normal'
(Font)                  OT1/cmr/m/it --> OT1/lmr/m/it on input line 33.
LaTeX Font Info:    Overwriting math alphabet `\mathtt' in version `normal'
(Font)                  OT1/cmtt/m/n --> OT1/lmtt/m/n on input line 34.
LaTeX Font Info:    Overwriting math alphabet `\mathbf' in version `bold'
(Font)                  OT1/cmr/bx/n --> OT1/lmr/bx/n on input line 35.
LaTeX Font Info:    Overwriting math alphabet `\mathsf' in version `bold'
(Font)                  OT1/cmss/bx/n --> OT1/lmss/bx/n on input line 36.
LaTeX Font Info:    Overwriting math alphabet `\mathit' in version `bold'
(Font)                  OT1/cmr/bx/it --> OT1/lmr/bx/it on input line 37.
LaTeX Font Info:    Overwriting math alphabet `\mathtt' in version `bold'
(Font)                  OT1/cmtt/m/n --> OT1/lmtt/m/n on input line 38.
)
("C:\Users\johan\AppData\Local\Programs\MiKTeX 2.9\tex\latex\microtype\microtyp
e.sty"
Package: microtype 2019/02/28 v2.7b Micro-typographical refinements (RS)
\MT@toks=\toks17
\MT@count=\count92
LaTeX Info: Redefining \textls on input line 790.
\MT@outer@kern=\dimen104
LaTeX Info: Redefining \textmicrotypecontext on input line 1336.
\MT@listname@count=\count93

("C:\Users\johan\AppData\Local\Programs\MiKTeX 2.9\tex\latex\microtype\microtyp
e-pdftex.def"
File: microtype-pdftex.def 2019/02/28 v2.7b Definitions specific to pdftex (RS)

LaTeX Info: Redefining \lsstyle on input line 914.
LaTeX Info: Redefining \lslig on input line 914.
\MT@outer@space=\skip58
)
Package microtype Info: Loading configuration file microtype.cfg.

("C:\Users\johan\AppData\Local\Programs\MiKTeX 2.9\tex\latex\microtype\microtyp
e.cfg"
File: microtype.cfg 2019/02/28 v2.7b microtype main configuration file (RS)
))
("C:\Users\johan\AppData\Local\Programs\MiKTeX 2.9\tex\latex\graphics\graphicx.
sty"
Package: graphicx 2017/06/01 v1.1a Enhanced LaTeX Graphics (DPC,SPQR)

("C:\Users\johan\AppData\Local\Programs\MiKTeX 2.9\tex\latex\graphics\graphics.
sty"
Package: graphics 2017/06/25 v1.2c Standard LaTeX Graphics (DPC,SPQR)

("C:\Users\johan\AppData\Local\Programs\MiKTeX 2.9\tex\latex\graphics\trig.sty"
Package: trig 2016/01/03 v1.10 sin cos tan (DPC)
)
("C:\Users\johan\AppData\Local\Programs\MiKTeX 2.9\tex\latex\graphics-cfg\graph
ics.cfg"
File: graphics.cfg 2016/06/04 v1.11 sample graphics configuration
)
Package graphics Info: Driver file: pdftex.def on input line 99.

("C:\Users\johan\AppData\Local\Programs\MiKTeX 2.9\tex\latex\graphics-def\pdfte
x.def"
File: pdftex.def 2018/01/08 v1.0l Graphics/color driver for pdftex
))
\Gin@req@height=\dimen105
\Gin@req@width=\dimen106
)
("C:\Users\johan\AppData\Local\Programs\MiKTeX 2.9\tex\latex\csquotes\csquotes.
sty"
Package: csquotes 2019/05/10 v5.2e context-sensitive quotations (JAW)

("C:\Users\johan\AppData\Local\Programs\MiKTeX 2.9\tex\latex\etoolbox\etoolbox.
sty"
Package: etoolbox 2018/08/19 v2.5f e-TeX tools for LaTeX (JAW)
\etb@tempcnta=\count94
)
\csq@reset=\count95
\csq@gtype=\count96
\csq@glevel=\count97
\csq@qlevel=\count98
\csq@maxlvl=\count99
\csq@tshold=\count100
\csq@ltx@everypar=\toks18

("C:\Users\johan\AppData\Local\Programs\MiKTeX 2.9\tex\latex\csquotes\csquotes.
def"
File: csquotes.def 2019/05/10 v5.2e csquotes generic definitions (JAW)
)
Package csquotes Info: Trying to load configuration file 'csquotes.cfg'...
Package csquotes Info: ... configuration file loaded successfully.

("C:\Users\johan\AppData\Local\Programs\MiKTeX 2.9\tex\latex\csquotes\csquotes.
cfg"
File: csquotes.cfg 
))
("C:\Users\johan\AppData\Local\Programs\MiKTeX 2.9\tex\latex\setspace\setspace.
sty"
Package: setspace 2011/12/19 v6.7a set line spacing
)
("C:\Users\johan\AppData\Local\Programs\MiKTeX 2.9\tex\latex\tools\tabularx.sty
"
Package: tabularx 2016/02/03 v2.11b `tabularx' package (DPC)
 ("C:\Users\johan\AppData\Local\Programs\MiKTeX 2.9\tex\latex\tools\array.sty"
Package: array 2018/04/30 v2.4h Tabular extension package (FMi)
\col@sep=\dimen107
\ar@mcellbox=\box28
\extrarowheight=\dimen108
\NC@list=\toks19
\extratabsurround=\skip59
\backup@length=\skip60
\ar@cellbox=\box29
)
\TX@col@width=\dimen109
\TX@old@table=\dimen110
\TX@old@col=\dimen111
\TX@target=\dimen112
\TX@delta=\dimen113
\TX@cols=\count101
\TX@ftn=\toks20
)
("C:\Users\johan\AppData\Local\Programs\MiKTeX 2.9\tex\latex\mathtools\mathtool
s.sty"
Package: mathtools 2018/01/08 v1.21 mathematical typesetting tools

("C:\Users\johan\AppData\Local\Programs\MiKTeX 2.9\tex\latex\tools\calc.sty"
Package: calc 2017/05/25 v4.3 Infix arithmetic (KKT,FJ)
\calc@Acount=\count102
\calc@Bcount=\count103
\calc@Adimen=\dimen114
\calc@Bdimen=\dimen115
\calc@Askip=\skip61
\calc@Bskip=\skip62
LaTeX Info: Redefining \setlength on input line 80.
LaTeX Info: Redefining \addtolength on input line 81.
\calc@Ccount=\count104
\calc@Cskip=\skip63
)
("C:\Users\johan\AppData\Local\Programs\MiKTeX 2.9\tex\latex\mathtools\mhsetup.
sty"
Package: mhsetup 2017/03/31 v1.3 programming setup (MH)
)
("C:\Users\johan\AppData\Local\Programs\MiKTeX 2.9\tex\latex\amsmath\amsmath.st
y"
Package: amsmath 2017/09/02 v2.17a AMS math features
\@mathmargin=\skip64

For additional information on amsmath, use the `?' option.

("C:\Users\johan\AppData\Local\Programs\MiKTeX 2.9\tex\latex\amsmath\amstext.st
y"
Package: amstext 2000/06/29 v2.01 AMS text

("C:\Users\johan\AppData\Local\Programs\MiKTeX 2.9\tex\latex\amsmath\amsgen.sty
"
File: amsgen.sty 1999/11/30 v2.0 generic functions
\@emptytoks=\toks21
\ex@=\dimen116
))
("C:\Users\johan\AppData\Local\Programs\MiKTeX 2.9\tex\latex\amsmath\amsbsy.sty
"
Package: amsbsy 1999/11/29 v1.2d Bold Symbols
\pmbraise@=\dimen117
)
("C:\Users\johan\AppData\Local\Programs\MiKTeX 2.9\tex\latex\amsmath\amsopn.sty
"
Package: amsopn 2016/03/08 v2.02 operator names
)
\inf@bad=\count105
LaTeX Info: Redefining \frac on input line 213.
\uproot@=\count106
\leftroot@=\count107
LaTeX Info: Redefining \overline on input line 375.
\classnum@=\count108
\DOTSCASE@=\count109
LaTeX Info: Redefining \ldots on input line 472.
LaTeX Info: Redefining \dots on input line 475.
LaTeX Info: Redefining \cdots on input line 596.
\Mathstrutbox@=\box30
\strutbox@=\box31
\big@size=\dimen118
LaTeX Font Info:    Redeclaring font encoding OML on input line 712.
LaTeX Font Info:    Redeclaring font encoding OMS on input line 713.
\macc@depth=\count110
\c@MaxMatrixCols=\count111
\dotsspace@=\muskip10
\c@parentequation=\count112
\dspbrk@lvl=\count113
\tag@help=\toks22
\row@=\count114
\column@=\count115
\maxfields@=\count116
\andhelp@=\toks23
\eqnshift@=\dimen119
\alignsep@=\dimen120
\tagshift@=\dimen121
\tagwidth@=\dimen122
\totwidth@=\dimen123
\lineht@=\dimen124
\@envbody=\toks24
\multlinegap=\skip65
\multlinetaggap=\skip66
\mathdisplay@stack=\toks25
LaTeX Info: Redefining \[ on input line 2817.
LaTeX Info: Redefining \] on input line 2818.
)
LaTeX Info: Thecontrolsequence`\('isalreadyrobust on input line 129.
LaTeX Info: Thecontrolsequence`\)'isalreadyrobust on input line 129.
LaTeX Info: Thecontrolsequence`\['isalreadyrobust on input line 129.
LaTeX Info: Thecontrolsequence`\]'isalreadyrobust on input line 129.
\g_MT_multlinerow_int=\count117
\l_MT_multwidth_dim=\dimen125
\origjot=\skip67
\l_MT_shortvdotswithinadjustabove_dim=\dimen126
\l_MT_shortvdotswithinadjustbelow_dim=\dimen127
\l_MT_above_intertext_sep=\dimen128
\l_MT_below_intertext_sep=\dimen129
\l_MT_above_shortintertext_sep=\dimen130
\l_MT_below_shortintertext_sep=\dimen131
)
("C:\Users\johan\AppData\Local\Programs\MiKTeX 2.9\tex\latex\amsfonts\amssymb.s
ty"
Package: amssymb 2013/01/14 v3.01 AMS font symbols

("C:\Users\johan\AppData\Local\Programs\MiKTeX 2.9\tex\latex\amsfonts\amsfonts.
sty"
Package: amsfonts 2013/01/14 v3.01 Basic AMSFonts support
\symAMSa=\mathgroup4
\symAMSb=\mathgroup5
LaTeX Font Info:    Overwriting math alphabet `\mathfrak' in version `bold'
(Font)                  U/euf/m/n --> U/euf/b/n on input line 106.
))
("C:\Users\johan\AppData\Local\Programs\MiKTeX 2.9\tex\latex\float\float.sty"
Package: float 2001/11/08 v1.3d Float enhancements (AL)
\c@float@type=\count118
\float@exts=\toks26
\float@box=\box32
\@float@everytoks=\toks27
\@floatcapt=\box33
)
("C:\Users\johan\AppData\Local\Programs\MiKTeX 2.9\tex\latex\caption\subcaption
.sty"
Package: subcaption 2020/01/22 v1.3d Sub-captions (AR)

("C:\Users\johan\AppData\Local\Programs\MiKTeX 2.9\tex\latex\caption\caption.st
y"
Package: caption 2020/05/30 v3.4k Customizing captions (AR)

("C:\Users\johan\AppData\Local\Programs\MiKTeX 2.9\tex\latex\caption\caption3.s
ty"
Package: caption3 2020/05/30 v1.12 caption3 kernel (AR)
Package caption3 Info: TeX engine: e-TeX on input line 61.
\captionmargin=\dimen132
\captionmargin@=\dimen133
\captionwidth=\dimen134
\caption@tempdima=\dimen135
\caption@indent=\dimen136
\caption@parindent=\dimen137
\caption@hangindent=\dimen138
Package caption Info: KOMA-Script document class detected.
)
Package caption Info: KOMA-Script document class.
\c@caption@flags=\count119
\c@continuedfloat=\count120
Package caption Info: float package is loaded.
)
\c@subfigure=\count121
\c@subtable=\count122
)
("C:\Users\johan\AppData\Local\Programs\MiKTeX 2.9\tex\latex\bbold\bbold.sty"
Package: bbold 1994/04/06 Bbold symbol package
LaTeX Font Info:    Redeclaring math alphabet \mathbb on input line 42.
)
Package csquotes Info: Checking for multilingual support...
Package csquotes Info: ... found 'babel' package.
Package csquotes Info: Adjusting default style.
Package csquotes Info: Redefining alias 'default' -> 'ngerman'.

(Beiziffer_Groß_Report1.aux)
\openout1 = `Beiziffer_Groß_Report1.aux'.

LaTeX Font Info:    Checking defaults for OML/cmm/m/it on input line 23.
LaTeX Font Info:    ... okay on input line 23.
LaTeX Font Info:    Checking defaults for T1/cmr/m/n on input line 23.
LaTeX Font Info:    ... okay on input line 23.
LaTeX Font Info:    Checking defaults for OT1/cmr/m/n on input line 23.
LaTeX Font Info:    ... okay on input line 23.
LaTeX Font Info:    Checking defaults for OMS/cmsy/m/n on input line 23.
LaTeX Font Info:    ... okay on input line 23.
LaTeX Font Info:    Checking defaults for OMX/cmex/m/n on input line 23.
LaTeX Font Info:    ... okay on input line 23.
LaTeX Font Info:    Checking defaults for U/cmr/m/n on input line 23.
LaTeX Font Info:    ... okay on input line 23.
LaTeX Font Info:    Try loading font information for T1+lmr on input line 23.

("C:\Users\johan\AppData\Local\Programs\MiKTeX 2.9\tex\latex\lm\t1lmr.fd"
File: t1lmr.fd 2009/10/30 v1.6 Font defs for Latin Modern
)
LaTeX Info: Redefining \microtypecontext on input line 23.
Package microtype Info: Generating PDF output.
Package microtype Info: Character protrusion enabled (level 2).
Package microtype Info: Using default protrusion set `alltext'.
Package microtype Info: Automatic font expansion enabled (level 2),
(microtype)             stretch: 20, shrink: 20, step: 1, non-selected.
Package microtype Info: Using default expansion set `basictext'.
Package microtype Info: No adjustment of tracking.
Package microtype Info: No adjustment of interword spacing.
Package microtype Info: No adjustment of character kerning.

("C:\Users\johan\AppData\Local\Programs\MiKTeX 2.9\tex\latex\microtype\mt-cmr.c
fg"
File: mt-cmr.cfg 2013/05/19 v2.2 microtype config. file: Computer Modern Roman 
(RS)
)
("C:\Users\johan\AppData\Local\Programs\MiKTeX 2.9\tex\context\base\supp-pdf.mk
ii"
[Loading MPS to PDF converter (version 2006.09.02).]
\scratchcounter=\count123
\scratchdimen=\dimen139
\scratchbox=\box34
\nofMPsegments=\count124
\nofMParguments=\count125
\everyMPshowfont=\toks28
\MPscratchCnt=\count126
\MPscratchDim=\dimen140
\MPnumerator=\count127
\makeMPintoPDFobject=\count128
\everyMPtoPDFconversion=\toks29
)
("C:\Users\johan\AppData\Local\Programs\MiKTeX 2.9\tex\latex\oberdiek\epstopdf-
base.sty"
Package: epstopdf-base 2016/05/15 v2.6 Base part for package epstopdf

("C:\Users\johan\AppData\Local\Programs\MiKTeX 2.9\tex\generic\oberdiek\infware
rr.sty"
Package: infwarerr 2016/05/16 v1.4 Providing info/warning/error messages (HO)
)
("C:\Users\johan\AppData\Local\Programs\MiKTeX 2.9\tex\latex\oberdiek\grfext.st
y"
Package: grfext 2016/05/16 v1.2 Manage graphics extensions (HO)

("C:\Users\johan\AppData\Local\Programs\MiKTeX 2.9\tex\generic\oberdiek\kvdefin
ekeys.sty"
Package: kvdefinekeys 2016/05/16 v1.4 Define keys (HO)

("C:\Users\johan\AppData\Local\Programs\MiKTeX 2.9\tex\generic\oberdiek\ltxcmds
.sty"
Package: ltxcmds 2016/05/16 v1.23 LaTeX kernel commands for general use (HO)
)))
("C:\Users\johan\AppData\Local\Programs\MiKTeX 2.9\tex\latex\oberdiek\kvoptions
.sty"
Package: kvoptions 2016/05/16 v3.12 Key value format for package options (HO)

("C:\Users\johan\AppData\Local\Programs\MiKTeX 2.9\tex\generic\oberdiek\kvsetke
ys.sty"
Package: kvsetkeys 2016/05/16 v1.17 Key value parser (HO)

("C:\Users\johan\AppData\Local\Programs\MiKTeX 2.9\tex\generic\oberdiek\etexcmd
s.sty"
Package: etexcmds 2016/05/16 v1.6 Avoid name clashes with e-TeX commands (HO)

("C:\Users\johan\AppData\Local\Programs\MiKTeX 2.9\tex\generic\oberdiek\ifluate
x.sty"
Package: ifluatex 2016/05/16 v1.4 Provides the ifluatex switch (HO)
Package ifluatex Info: LuaTeX not detected.
)
Package etexcmds Info: Could not find \expanded.
(etexcmds)             That can mean that you are not using pdfTeX 1.50 or
(etexcmds)             that some package has redefined \expanded.
(etexcmds)             In the latter case, load this package earlier.
)))
("C:\Users\johan\AppData\Local\Programs\MiKTeX 2.9\tex\generic\oberdiek\pdftexc
mds.sty"
Package: pdftexcmds 2018/09/10 v0.29 Utility functions of pdfTeX for LuaTeX (HO
)

("C:\Users\johan\AppData\Local\Programs\MiKTeX 2.9\tex\generic\oberdiek\ifpdf.s
ty"
Package: ifpdf 2018/09/07 v3.3 Provides the ifpdf switch
)
Package pdftexcmds Info: LuaTeX not detected.
Package pdftexcmds Info: \pdf@primitive is available.
Package pdftexcmds Info: \pdf@ifprimitive is available.
Package pdftexcmds Info: \pdfdraftmode found.
)
Package epstopdf-base Info: Redefining graphics rule for `.eps' on input line 4
38.
Package grfext Info: Graphics extension search list:
(grfext)             [.pdf,.png,.jpg,.mps,.jpeg,.jbig2,.jb2,.PDF,.PNG,.JPG,.JPE
G,.JBIG2,.JB2,.eps]
(grfext)             \AppendGraphicsExtensions on input line 456.
)
Package caption Info: Begin \AtBeginDocument code.
Package caption Info: End \AtBeginDocument code.

chapter 1.

Class scrreprt Warning: \float@addtolists detected!
(scrreprt)              Implementation of \float@addtolist became
(scrreprt)              deprecated in KOMA-Script v3.01 2008/11/14 and
(scrreprt)              has been replaced by several more flexible
(scrreprt)              features of package `tocbasic`.
(scrreprt)              Since Version 3.12 support for deprecated
(scrreprt)              \float@addtolist interface has been
(scrreprt)              restricted to only some of the KOMA-Script
(scrreprt)              features and been removed from others.
(scrreprt)              Loading of package `scrhack' may help to
(scrreprt)              avoid this warning, if you are using a
(scrreprt)              a package that still implements the
(scrreprt)              deprecated \float@addtolist interface .

LaTeX Font Info:    Try loading font information for T1+lmss on input line 59.
("C:\Users\johan\AppData\Local\Programs\MiKTeX 2.9\tex\latex\lm\t1lmss.fd"
File: t1lmss.fd 2009/10/30 v1.6 Font defs for Latin Modern
)
Package microtype Info: Loading generic protrusion settings for font family
(microtype)             `lmss' (encoding: T1).
(microtype)             For optimal results, create family-specific settings.
(microtype)             See the microtype manual for details.
LaTeX Font Info:    Try loading font information for OT1+lmr on input line 63.

("C:\Users\johan\AppData\Local\Programs\MiKTeX 2.9\tex\latex\lm\ot1lmr.fd"
File: ot1lmr.fd 2009/10/30 v1.6 Font defs for Latin Modern
)
LaTeX Font Info:    Try loading font information for OML+lmm on input line 63.

("C:\Users\johan\AppData\Local\Programs\MiKTeX 2.9\tex\latex\lm\omllmm.fd"
File: omllmm.fd 2009/10/30 v1.6 Font defs for Latin Modern
)
LaTeX Font Info:    Try loading font information for OMS+lmsy on input line 63.


("C:\Users\johan\AppData\Local\Programs\MiKTeX 2.9\tex\latex\lm\omslmsy.fd"
File: omslmsy.fd 2009/10/30 v1.6 Font defs for Latin Modern
)
LaTeX Font Info:    Try loading font information for OMX+lmex on input line 63.


("C:\Users\johan\AppData\Local\Programs\MiKTeX 2.9\tex\latex\lm\omxlmex.fd"
File: omxlmex.fd 2009/10/30 v1.6 Font defs for Latin Modern
)
LaTeX Font Info:    External font `lmex10' loaded for size
(Font)              <12> on input line 63.
LaTeX Font Info:    External font `lmex10' loaded for size
(Font)              <8> on input line 63.
LaTeX Font Info:    External font `lmex10' loaded for size
(Font)              <6> on input line 63.
LaTeX Font Info:    Try loading font information for U+msa on input line 63.

("C:\Users\johan\AppData\Local\Programs\MiKTeX 2.9\tex\latex\amsfonts\umsa.fd"
File: umsa.fd 2013/01/14 v3.01 AMS symbols A
)
("C:\Users\johan\AppData\Local\Programs\MiKTeX 2.9\tex\latex\microtype\mt-msa.c
fg"
File: mt-msa.cfg 2006/02/04 v1.1 microtype config. file: AMS symbols (a) (RS)
)
LaTeX Font Info:    Try loading font information for U+msb on input line 63.

("C:\Users\johan\AppData\Local\Programs\MiKTeX 2.9\tex\latex\amsfonts\umsb.fd"
File: umsb.fd 2013/01/14 v3.01 AMS symbols B
)
("C:\Users\johan\AppData\Local\Programs\MiKTeX 2.9\tex\latex\microtype\mt-msb.c
fg"
File: mt-msb.cfg 2005/06/01 v1.0 microtype config. file: AMS symbols (b) (RS)
) [1

{C:/Users/johan/AppData/Local/MiKTeX/2.9/pdftex/config/pdftex.map}]
<Task1_Mean_50_png.png, id=7, 461.22313pt x 320.69812pt>
File: Task1_Mean_50_png.png Graphic file (type png)
<use Task1_Mean_50_png.png>
Package pdftex.def Info: Task1_Mean_50_png.png  used on input line 72.
(pdftex.def)             Requested size: 179.24963pt x 124.63623pt.
<Task1_Mean_5000_png.png, id=9, 573.64313pt x 410.03188pt>
File: Task1_Mean_5000_png.png Graphic file (type png)
<use Task1_Mean_5000_png.png>
Package pdftex.def Info: Task1_Mean_5000_png.png  used on input line 75.
(pdftex.def)             Requested size: 179.24963pt x 128.12213pt.

[2 <./Task1_Mean_50_png.png> <./Task1_Mean_5000_png.png>]
<Task1_TestData_diag_png.png, id=22, 454.19687pt x 450.18187pt>
File: Task1_TestData_diag_png.png Graphic file (type png)
<use Task1_TestData_diag_png.png>
Package pdftex.def Info: Task1_TestData_diag_png.png  used on input line 130.
(pdftex.def)             Requested size: 179.24963pt x 177.66533pt.
<Task1_TestData_non_diag_png.png, id=23, 454.19687pt x 446.16687pt>
File: Task1_TestData_non_diag_png.png Graphic file (type png)
<use Task1_TestData_non_diag_png.png>
Package pdftex.def Info: Task1_TestData_non_diag_png.png  used on input line 13
3.
(pdftex.def)             Requested size: 179.24963pt x 176.0808pt.
 [3 <./Task1_TestData_diag_png.png> <./Task1_TestData_non_diag_png.png>]
chapter 2.
LaTeX Font Info:    Try loading font information for U+bbold on input line 165.

("C:\Users\johan\AppData\Local\Programs\MiKTeX 2.9\tex\latex\jknappen\ubbold.fd
"
File: ubbold.fd 1996/01/01 Blackboard Bold Font Definition File (jk)
)
<Task2_TestData_Mean_Est_png.png, id=29, 573.64313pt x 417.05812pt>
File: Task2_TestData_Mean_Est_png.png Graphic file (type png)
<use Task2_TestData_Mean_Est_png.png>
Package pdftex.def Info: Task2_TestData_Mean_Est_png.png  used on input line 17
0.
(pdftex.def)             Requested size: 229.45319pt x 166.82028pt.
 [4] [5 <./Task2_TestData_Mean_Est_png.png>]
<Task2_initparams_set1_png.png, id=38, 575.65062pt x 420.06938pt>
File: Task2_initparams_set1_png.png Graphic file (type png)
<use Task2_initparams_set1_png.png>
Package pdftex.def Info: Task2_initparams_set1_png.png  used on input line 204.

(pdftex.def)             Requested size: 224.06548pt x 163.5059pt.
<Task2_initparams_set2_png.png, id=39, 575.65062pt x 419.06563pt>
File: Task2_initparams_set2_png.png Graphic file (type png)
<use Task2_initparams_set2_png.png>
Package pdftex.def Info: Task2_initparams_set2_png.png  used on input line 207.

(pdftex.def)             Requested size: 224.06548pt x 163.1152pt.

Overfull \hbox (2.61107pt too wide) in paragraph at lines 203--209
[][] [] 
 []

chapter 3.
[6 <./Task2_initparams_set1_png.png> <./Task2_initparams_set2_png.png>]
<Task3_classes3_png.png, id=45, 572.63937pt x 410.03188pt>
File: Task3_classes3_png.png Graphic file (type png)
<use Task3_classes3_png.png>
Package pdftex.def Info: Task3_classes3_png.png  used on input line 239.
(pdftex.def)             Requested size: 179.24963pt x 128.34737pt.
<Task3_classes4_png.png, id=46, 574.64688pt x 404.00937pt>
File: Task3_classes4_png.png Graphic file (type png)
<use Task3_classes4_png.png>
Package pdftex.def Info: Task3_classes4_png.png  used on input line 242.
(pdftex.def)             Requested size: 179.24963pt x 126.01836pt.
<Task3_classes5_png.png, id=47, 569.62813pt x 415.05063pt>
File: Task3_classes5_png.png Graphic file (type png)
<use Task3_classes5_png.png>
Package pdftex.def Info: Task3_classes5_png.png  used on input line 245.
(pdftex.def)             Requested size: 179.24963pt x 130.6023pt.

[7 <./Task3_classes3_png.png> <./Task3_classes4_png.png> <./Task3_classes5_png.
png>]
<Task3_means_init4_png.png, id=55, 573.64313pt x 413.04312pt>
File: Task3_means_init4_png.png Graphic file (type png)
<use Task3_means_init4_png.png>
Package pdftex.def Info: Task3_means_init4_png.png  used on input line 260.
(pdftex.def)             Requested size: 224.06548pt x 161.33195pt.
<Task3_means_init1_png.png, id=56, 571.63562pt x 409.02812pt>
File: Task3_means_init1_png.png Graphic file (type png)
<use Task3_means_init1_png.png>
Package pdftex.def Info: Task3_means_init1_png.png  used on input line 263.
(pdftex.def)             Requested size: 224.06548pt x 160.32544pt.

Overfull \hbox (2.61107pt too wide) in paragraph at lines 259--265
[][] [] 
 []

[8 <./Task3_means_init4_png.png> <./Task3_means_init1_png.png>]
(Beiziffer_Groß_Report1.aux) ) 
Here is how much of TeX's memory you used:
 9899 strings out of 492970
 170751 string characters out of 3126594
 386864 words of memory out of 3000000
 13532 multiletter control sequences out of 15000+200000
 45757 words of font info for 67 fonts, out of 3000000 for 9000
 1141 hyphenation exceptions out of 8191
 51i,13n,66p,9104b,388s stack positions out of 5000i,500n,10000p,200000b,50000s
 <C:\Users\johan\AppData\Local\MiKTeX\2.9\fonts\
pk\ljfour\public\bbold\dpi600\bbold12.pk>{C:/Users/johan/AppData/Local/Programs
/MiKTeX 2.9/fonts/enc/dvips/lm/lm-rm.enc}{C:/Users/johan/AppData/Local/Programs
/MiKTeX 2.9/fonts/enc/dvips/lm/lm-mathex.enc}{C:/Users/johan/AppData/Local/Prog
rams/MiKTeX 2.9/fonts/enc/dvips/lm/lm-mathit.enc}{C:/Users/johan/AppData/Local/
Programs/MiKTeX 2.9/fonts/enc/dvips/lm/lm-mathsy.enc}{C:/Users/johan/AppData/Lo
cal/Programs/MiKTeX 2.9/fonts/enc/dvips/lm/lm-ec.enc}<C:/Users/johan/AppData/Lo
cal/Programs/MiKTeX 2.9/fonts/type1/public/lm/lmbx12.pfb><C:/Users/johan/AppDat
a/Local/Programs/MiKTeX 2.9/fonts/type1/public/lm/lmex10.pfb><C:/Users/johan/Ap
pData/Local/Programs/MiKTeX 2.9/fonts/type1/public/lm/lmmi12.pfb><C:/Users/joha
n/AppData/Local/Programs/MiKTeX 2.9/fonts/type1/public/lm/lmmi8.pfb><C:/Users/j
ohan/AppData/Local/Programs/MiKTeX 2.9/fonts/type1/public/lm/lmr12.pfb><C:/User
s/johan/AppData/Local/Programs/MiKTeX 2.9/fonts/type1/public/lm/lmr8.pfb><C:/Us
ers/johan/AppData/Local/Programs/MiKTeX 2.9/fonts/type1/public/lm/lmssbx10.pfb>
<C:/Users/johan/AppData/Local/Programs/MiKTeX 2.9/fonts/type1/public/lm/lmsy10.
pfb>
Output written on Beiziffer_Groß_Report1.pdf (8 pages, 816065 bytes).
PDF statistics:
 98 PDF objects out of 1000 (max. 8388607)
 0 named destinations out of 1000 (max. 500000)
 10813 words of extra memory for PDF output out of 12000 (max. 10000000)

